DEBUG:asyncio:Using selector: KqueueSelector
DEBUG:requests_oauthlib.oauth2_session:Generated new state H9vZMTqQmyZicm5R9lekbhUEg8eHC7.
INFO:google_auth_oauthlib.flow:"GET /?state=H9vZMTqQmyZicm5R9lekbhUEg8eHC7&code=4/0AX4XfWhd_PjIZU_XaOcvwHN1JkTKoMqaY6mGU4MV3nmT2TDsXmUI9xCVjJqIp5ci4JK7hQ&scope=https://www.googleapis.com/auth/youtube.force-ssl HTTP/1.1" 200 65
DEBUG:requests_oauthlib.oauth2_session:Encoding `client_id` "845416578463-b27gsmn3ohd9jht15d4nr11fgnsetldk.apps.googleusercontent.com" with `client_secret` as Basic auth credentials.
DEBUG:requests_oauthlib.oauth2_session:Requesting url https://oauth2.googleapis.com/token using method POST.
DEBUG:requests_oauthlib.oauth2_session:Supplying headers {'Accept': 'application/json', 'Content-Type': 'application/x-www-form-urlencoded;charset=UTF-8'} and data {'grant_type': 'authorization_code', 'code': '4/0AX4XfWhd_PjIZU_XaOcvwHN1JkTKoMqaY6mGU4MV3nmT2TDsXmUI9xCVjJqIp5ci4JK7hQ', 'redirect_uri': 'http://localhost:8080/'}
DEBUG:requests_oauthlib.oauth2_session:Passing through key word arguments {'timeout': None, 'auth': <requests.auth.HTTPBasicAuth object at 0x104e9d730>, 'verify': True, 'proxies': None, 'cert': None}.
DEBUG:urllib3.connectionpool:Starting new HTTPS connection (1): oauth2.googleapis.com:443
DEBUG:urllib3.connectionpool:https://oauth2.googleapis.com:443 "POST /token HTTP/1.1" 200 None
DEBUG:requests_oauthlib.oauth2_session:Request to fetch token completed with status 200.
DEBUG:requests_oauthlib.oauth2_session:Request url was https://oauth2.googleapis.com/token
DEBUG:requests_oauthlib.oauth2_session:Request headers were {'User-Agent': 'python-requests/2.28.0', 'Accept-Encoding': 'gzip, deflate, br', 'Accept': 'application/json', 'Connection': 'keep-alive', 'Content-Type': 'application/x-www-form-urlencoded;charset=UTF-8', 'Content-Length': '156', 'Authorization': 'Basic ODQ1NDE2NTc4NDYzLWIyN2dzbW4zb2hkOWpodDE1ZDRucjExZmduc2V0bGRrLmFwcHMuZ29vZ2xldXNlcmNvbnRlbnQuY29tOkdPQ1NQWC1FQWdHbGtpQ2c2azRnRXdDbWJNODVrUXVHelMz'}
DEBUG:requests_oauthlib.oauth2_session:Request body was grant_type=authorization_code&code=4%2F0AX4XfWhd_PjIZU_XaOcvwHN1JkTKoMqaY6mGU4MV3nmT2TDsXmUI9xCVjJqIp5ci4JK7hQ&redirect_uri=http%3A%2F%2Flocalhost%3A8080%2F
DEBUG:requests_oauthlib.oauth2_session:Response headers were {'Expires': 'Mon, 01 Jan 1990 00:00:00 GMT', 'Cache-Control': 'no-cache, no-store, max-age=0, must-revalidate', 'Date': 'Mon, 04 Jul 2022 20:22:17 GMT', 'Pragma': 'no-cache', 'Content-Type': 'application/json; charset=utf-8', 'Vary': 'Origin, X-Origin, Referer', 'Content-Encoding': 'gzip', 'Server': 'scaffolding on HTTPServer2', 'X-XSS-Protection': '0', 'X-Frame-Options': 'SAMEORIGIN', 'X-Content-Type-Options': 'nosniff', 'Alt-Svc': 'h3=":443"; ma=2592000,h3-29=":443"; ma=2592000,h3-Q050=":443"; ma=2592000,h3-Q046=":443"; ma=2592000,h3-Q043=":443"; ma=2592000,quic=":443"; ma=2592000; v="46,43"', 'Transfer-Encoding': 'chunked'} and content {
  "access_token": "ya29.a0ARrdaM-cADWft3_9P7EgZ0fXPDdTJyILcCoU7WGZvoGfI4-M8Hj6o1p_aDuVXVS89EfAdMc6sszmCbsEw7ydh46EBBNibhNqfhItdBa7uzDBvLeOnAjywoTPTYpwIWd0JwF9AGmQ-fz5ED74DauMtC1sz-gZ",
  "expires_in": 3599,
  "refresh_token": "1//0fc0a4Pm7B6W0CgYIARAAGA8SNwF-L9IriehpAbj8HCOhS7oiqis6sBzUJorwLhLpXNjSh9FLPimYr-NMzWq6-AGjmSxmJi7sugk",
  "scope": "https://www.googleapis.com/auth/youtube.force-ssl",
  "token_type": "Bearer"
}.
DEBUG:requests_oauthlib.oauth2_session:Invoking 0 token response hooks.
DEBUG:requests_oauthlib.oauth2_session:Obtained token {'access_token': 'ya29.a0ARrdaM-cADWft3_9P7EgZ0fXPDdTJyILcCoU7WGZvoGfI4-M8Hj6o1p_aDuVXVS89EfAdMc6sszmCbsEw7ydh46EBBNibhNqfhItdBa7uzDBvLeOnAjywoTPTYpwIWd0JwF9AGmQ-fz5ED74DauMtC1sz-gZ', 'expires_in': 3599, 'refresh_token': '1//0fc0a4Pm7B6W0CgYIARAAGA8SNwF-L9IriehpAbj8HCOhS7oiqis6sBzUJorwLhLpXNjSh9FLPimYr-NMzWq6-AGjmSxmJi7sugk', 'scope': ['https://www.googleapis.com/auth/youtube.force-ssl'], 'token_type': 'Bearer', 'expires_at': 1656969736.2902231}.
INFO:googleapiclient.discovery_cache:file_cache is only supported with oauth2client<4.0.0
DEBUG:asyncio:Using selector: KqueueSelector
DEBUG:requests_oauthlib.oauth2_session:Generated new state LFIwE8poc9cKIuHQ6zyfCQ2KcFqusN.
INFO:google_auth_oauthlib.flow:"GET /?state=LFIwE8poc9cKIuHQ6zyfCQ2KcFqusN&code=4/0AX4XfWiFEOfzdjX5FzQLX0MpdsBqPOGN53SkG2o6NXQjSxGeOhBBTXaNWNMwrTaA-v-jLQ&scope=https://www.googleapis.com/auth/youtube.force-ssl HTTP/1.1" 200 65
DEBUG:requests_oauthlib.oauth2_session:Encoding `client_id` "845416578463-b27gsmn3ohd9jht15d4nr11fgnsetldk.apps.googleusercontent.com" with `client_secret` as Basic auth credentials.
DEBUG:requests_oauthlib.oauth2_session:Requesting url https://oauth2.googleapis.com/token using method POST.
DEBUG:requests_oauthlib.oauth2_session:Supplying headers {'Accept': 'application/json', 'Content-Type': 'application/x-www-form-urlencoded;charset=UTF-8'} and data {'grant_type': 'authorization_code', 'code': '4/0AX4XfWiFEOfzdjX5FzQLX0MpdsBqPOGN53SkG2o6NXQjSxGeOhBBTXaNWNMwrTaA-v-jLQ', 'redirect_uri': 'http://localhost:8080/'}
DEBUG:requests_oauthlib.oauth2_session:Passing through key word arguments {'timeout': None, 'auth': <requests.auth.HTTPBasicAuth object at 0x104f3d4c0>, 'verify': True, 'proxies': None, 'cert': None}.
DEBUG:urllib3.connectionpool:Starting new HTTPS connection (1): oauth2.googleapis.com:443
DEBUG:urllib3.connectionpool:https://oauth2.googleapis.com:443 "POST /token HTTP/1.1" 200 None
DEBUG:requests_oauthlib.oauth2_session:Request to fetch token completed with status 200.
DEBUG:requests_oauthlib.oauth2_session:Request url was https://oauth2.googleapis.com/token
DEBUG:requests_oauthlib.oauth2_session:Request headers were {'User-Agent': 'python-requests/2.28.0', 'Accept-Encoding': 'gzip, deflate, br', 'Accept': 'application/json', 'Connection': 'keep-alive', 'Content-Type': 'application/x-www-form-urlencoded;charset=UTF-8', 'Content-Length': '156', 'Authorization': 'Basic ODQ1NDE2NTc4NDYzLWIyN2dzbW4zb2hkOWpodDE1ZDRucjExZmduc2V0bGRrLmFwcHMuZ29vZ2xldXNlcmNvbnRlbnQuY29tOkdPQ1NQWC1FQWdHbGtpQ2c2azRnRXdDbWJNODVrUXVHelMz'}
DEBUG:requests_oauthlib.oauth2_session:Request body was grant_type=authorization_code&code=4%2F0AX4XfWiFEOfzdjX5FzQLX0MpdsBqPOGN53SkG2o6NXQjSxGeOhBBTXaNWNMwrTaA-v-jLQ&redirect_uri=http%3A%2F%2Flocalhost%3A8080%2F
DEBUG:requests_oauthlib.oauth2_session:Response headers were {'Expires': 'Mon, 01 Jan 1990 00:00:00 GMT', 'Date': 'Mon, 04 Jul 2022 20:25:33 GMT', 'Cache-Control': 'no-cache, no-store, max-age=0, must-revalidate', 'Pragma': 'no-cache', 'Content-Type': 'application/json; charset=utf-8', 'Vary': 'Origin, X-Origin, Referer', 'Content-Encoding': 'gzip', 'Server': 'scaffolding on HTTPServer2', 'X-XSS-Protection': '0', 'X-Frame-Options': 'SAMEORIGIN', 'X-Content-Type-Options': 'nosniff', 'Alt-Svc': 'h3=":443"; ma=2592000,h3-29=":443"; ma=2592000,h3-Q050=":443"; ma=2592000,h3-Q046=":443"; ma=2592000,h3-Q043=":443"; ma=2592000,quic=":443"; ma=2592000; v="46,43"', 'Transfer-Encoding': 'chunked'} and content {
  "access_token": "ya29.A0ARrdaM-qHzD03JhSnUdh_-zUgnQmNnTS-aAWKno9XA399KrJKpGlvowgL2RQ9c_xo_aCYHenD7EuGC7RLk8l7z3CKHyhOV_JdTQFSKXQL8eYKVSh7Dgw66vAEUIjV2MNQWIetdHc8BHtpDuy2eM9v-DzfiijYUNnWUtBVEFTQVRBU0ZRRl91NjFWMXUxYkg4bE40OVNSY1VlSV8xajQtQQ0163",
  "expires_in": 3599,
  "refresh_token": "1//0fp8T-z8gViOYCgYIARAAGA8SNwF-L9Ir_obaLphuAAleNDWqHyVkUV6i_86gciLfZtPjfPvlRID6cBvdfGrRZ2pE8EG4bcgEPVo",
  "scope": "https://www.googleapis.com/auth/youtube.force-ssl",
  "token_type": "Bearer"
}.
DEBUG:requests_oauthlib.oauth2_session:Invoking 0 token response hooks.
DEBUG:requests_oauthlib.oauth2_session:Obtained token {'access_token': 'ya29.A0ARrdaM-qHzD03JhSnUdh_-zUgnQmNnTS-aAWKno9XA399KrJKpGlvowgL2RQ9c_xo_aCYHenD7EuGC7RLk8l7z3CKHyhOV_JdTQFSKXQL8eYKVSh7Dgw66vAEUIjV2MNQWIetdHc8BHtpDuy2eM9v-DzfiijYUNnWUtBVEFTQVRBU0ZRRl91NjFWMXUxYkg4bE40OVNSY1VlSV8xajQtQQ0163', 'expires_in': 3599, 'refresh_token': '1//0fp8T-z8gViOYCgYIARAAGA8SNwF-L9Ir_obaLphuAAleNDWqHyVkUV6i_86gciLfZtPjfPvlRID6cBvdfGrRZ2pE8EG4bcgEPVo', 'scope': ['https://www.googleapis.com/auth/youtube.force-ssl'], 'token_type': 'Bearer', 'expires_at': 1656969932.196791}.
INFO:googleapiclient.discovery_cache:file_cache is only supported with oauth2client<4.0.0
DEBUG:asyncio:Using selector: KqueueSelector
DEBUG:requests_oauthlib.oauth2_session:Generated new state EG3nPnUOQuGaIR3mVTxAPEXGjNfnAV.
INFO:google_auth_oauthlib.flow:"GET /?state=EG3nPnUOQuGaIR3mVTxAPEXGjNfnAV&code=4/0AX4XfWhrNvOxhFpughMj3tuz4AzS7mI2QDQTZJZvpKuNILI6ik0m5PJzw6ZgtsaDdzezng&scope=https://www.googleapis.com/auth/youtube.force-ssl HTTP/1.1" 200 65
DEBUG:requests_oauthlib.oauth2_session:Encoding `client_id` "845416578463-b27gsmn3ohd9jht15d4nr11fgnsetldk.apps.googleusercontent.com" with `client_secret` as Basic auth credentials.
DEBUG:requests_oauthlib.oauth2_session:Requesting url https://oauth2.googleapis.com/token using method POST.
DEBUG:requests_oauthlib.oauth2_session:Supplying headers {'Accept': 'application/json', 'Content-Type': 'application/x-www-form-urlencoded;charset=UTF-8'} and data {'grant_type': 'authorization_code', 'code': '4/0AX4XfWhrNvOxhFpughMj3tuz4AzS7mI2QDQTZJZvpKuNILI6ik0m5PJzw6ZgtsaDdzezng', 'redirect_uri': 'http://localhost:8080/'}
DEBUG:requests_oauthlib.oauth2_session:Passing through key word arguments {'timeout': None, 'auth': <requests.auth.HTTPBasicAuth object at 0x11025d100>, 'verify': True, 'proxies': None, 'cert': None}.
DEBUG:urllib3.connectionpool:Starting new HTTPS connection (1): oauth2.googleapis.com:443
DEBUG:urllib3.connectionpool:https://oauth2.googleapis.com:443 "POST /token HTTP/1.1" 200 None
DEBUG:requests_oauthlib.oauth2_session:Request to fetch token completed with status 200.
DEBUG:requests_oauthlib.oauth2_session:Request url was https://oauth2.googleapis.com/token
DEBUG:requests_oauthlib.oauth2_session:Request headers were {'User-Agent': 'python-requests/2.28.0', 'Accept-Encoding': 'gzip, deflate, br', 'Accept': 'application/json', 'Connection': 'keep-alive', 'Content-Type': 'application/x-www-form-urlencoded;charset=UTF-8', 'Content-Length': '156', 'Authorization': 'Basic ODQ1NDE2NTc4NDYzLWIyN2dzbW4zb2hkOWpodDE1ZDRucjExZmduc2V0bGRrLmFwcHMuZ29vZ2xldXNlcmNvbnRlbnQuY29tOkdPQ1NQWC1FQWdHbGtpQ2c2azRnRXdDbWJNODVrUXVHelMz'}
DEBUG:requests_oauthlib.oauth2_session:Request body was grant_type=authorization_code&code=4%2F0AX4XfWhrNvOxhFpughMj3tuz4AzS7mI2QDQTZJZvpKuNILI6ik0m5PJzw6ZgtsaDdzezng&redirect_uri=http%3A%2F%2Flocalhost%3A8080%2F
DEBUG:requests_oauthlib.oauth2_session:Response headers were {'Pragma': 'no-cache', 'Date': 'Mon, 04 Jul 2022 20:28:50 GMT', 'Expires': 'Mon, 01 Jan 1990 00:00:00 GMT', 'Cache-Control': 'no-cache, no-store, max-age=0, must-revalidate', 'Content-Type': 'application/json; charset=utf-8', 'Vary': 'Origin, X-Origin, Referer', 'Content-Encoding': 'gzip', 'Server': 'scaffolding on HTTPServer2', 'X-XSS-Protection': '0', 'X-Frame-Options': 'SAMEORIGIN', 'X-Content-Type-Options': 'nosniff', 'Alt-Svc': 'h3=":443"; ma=2592000,h3-29=":443"; ma=2592000,h3-Q050=":443"; ma=2592000,h3-Q046=":443"; ma=2592000,h3-Q043=":443"; ma=2592000,quic=":443"; ma=2592000; v="46,43"', 'Transfer-Encoding': 'chunked'} and content {
  "access_token": "ya29.a0ARrdaM_ysyknSm3B5ktsx71OlEU7RTMbRmF5j6rQbzIP4ef7Fmcld-r57VE1bjalIG3-mQgrzgcl4mX1ynaJdmaMyDjjV2gStQorlkVg_w2UgHznT-mAzGO5S2I99FLm88ONVciV0zlidnOg8mt6gqcJb128",
  "expires_in": 3599,
  "refresh_token": "1//0fo1sInXfZV2kCgYIARAAGA8SNwF-L9Ir1NtY0GwDHuiW2GIVvEGwWrotLgFV7bk1PQmiaLxk41ZMjM_hNdY56oPCVLJkGa9Rzz4",
  "scope": "https://www.googleapis.com/auth/youtube.force-ssl",
  "token_type": "Bearer"
}.
DEBUG:requests_oauthlib.oauth2_session:Invoking 0 token response hooks.
DEBUG:requests_oauthlib.oauth2_session:Obtained token {'access_token': 'ya29.a0ARrdaM_ysyknSm3B5ktsx71OlEU7RTMbRmF5j6rQbzIP4ef7Fmcld-r57VE1bjalIG3-mQgrzgcl4mX1ynaJdmaMyDjjV2gStQorlkVg_w2UgHznT-mAzGO5S2I99FLm88ONVciV0zlidnOg8mt6gqcJb128', 'expires_in': 3599, 'refresh_token': '1//0fo1sInXfZV2kCgYIARAAGA8SNwF-L9Ir1NtY0GwDHuiW2GIVvEGwWrotLgFV7bk1PQmiaLxk41ZMjM_hNdY56oPCVLJkGa9Rzz4', 'scope': ['https://www.googleapis.com/auth/youtube.force-ssl'], 'token_type': 'Bearer', 'expires_at': 1656970129.5655942}.
INFO:googleapiclient.discovery_cache:file_cache is only supported with oauth2client<4.0.0
DEBUG:httpx._client:HTTP Request: POST https://accounts.spotify.com/api/token "HTTP/1.1 200 OK"
WARNING:root:2022-07-04T15:28:51.807232-05:001 seconds waited, no error, for request_client_token
DEBUG:asyncio:Using selector: KqueueSelector
DEBUG:requests_oauthlib.oauth2_session:Generated new state FVnVvVBOILvzf9WWfiTAXRdsaNGePf.
INFO:google_auth_oauthlib.flow:"GET /?state=FVnVvVBOILvzf9WWfiTAXRdsaNGePf&code=4/0AX4XfWjNOJF6SK_KOYRguUV7ZypzWPgk5BdcQ6H2a82LszGY5nADk55AT5FRrzGupqxXpQ&scope=https://www.googleapis.com/auth/youtube.force-ssl HTTP/1.1" 200 65
DEBUG:requests_oauthlib.oauth2_session:Encoding `client_id` "845416578463-b27gsmn3ohd9jht15d4nr11fgnsetldk.apps.googleusercontent.com" with `client_secret` as Basic auth credentials.
DEBUG:requests_oauthlib.oauth2_session:Requesting url https://oauth2.googleapis.com/token using method POST.
DEBUG:requests_oauthlib.oauth2_session:Supplying headers {'Accept': 'application/json', 'Content-Type': 'application/x-www-form-urlencoded;charset=UTF-8'} and data {'grant_type': 'authorization_code', 'code': '4/0AX4XfWjNOJF6SK_KOYRguUV7ZypzWPgk5BdcQ6H2a82LszGY5nADk55AT5FRrzGupqxXpQ', 'redirect_uri': 'http://localhost:8080/'}
DEBUG:requests_oauthlib.oauth2_session:Passing through key word arguments {'timeout': None, 'auth': <requests.auth.HTTPBasicAuth object at 0x1041b1970>, 'verify': True, 'proxies': None, 'cert': None}.
DEBUG:urllib3.connectionpool:Starting new HTTPS connection (1): oauth2.googleapis.com:443
DEBUG:urllib3.connectionpool:https://oauth2.googleapis.com:443 "POST /token HTTP/1.1" 200 None
DEBUG:requests_oauthlib.oauth2_session:Request to fetch token completed with status 200.
DEBUG:requests_oauthlib.oauth2_session:Request url was https://oauth2.googleapis.com/token
DEBUG:requests_oauthlib.oauth2_session:Request headers were {'User-Agent': 'python-requests/2.28.0', 'Accept-Encoding': 'gzip, deflate, br', 'Accept': 'application/json', 'Connection': 'keep-alive', 'Content-Type': 'application/x-www-form-urlencoded;charset=UTF-8', 'Content-Length': '156', 'Authorization': 'Basic ODQ1NDE2NTc4NDYzLWIyN2dzbW4zb2hkOWpodDE1ZDRucjExZmduc2V0bGRrLmFwcHMuZ29vZ2xldXNlcmNvbnRlbnQuY29tOkdPQ1NQWC1FQWdHbGtpQ2c2azRnRXdDbWJNODVrUXVHelMz'}
DEBUG:requests_oauthlib.oauth2_session:Request body was grant_type=authorization_code&code=4%2F0AX4XfWjNOJF6SK_KOYRguUV7ZypzWPgk5BdcQ6H2a82LszGY5nADk55AT5FRrzGupqxXpQ&redirect_uri=http%3A%2F%2Flocalhost%3A8080%2F
DEBUG:requests_oauthlib.oauth2_session:Response headers were {'Expires': 'Mon, 01 Jan 1990 00:00:00 GMT', 'Pragma': 'no-cache', 'Date': 'Mon, 04 Jul 2022 20:30:54 GMT', 'Cache-Control': 'no-cache, no-store, max-age=0, must-revalidate', 'Content-Type': 'application/json; charset=utf-8', 'Vary': 'Origin, X-Origin, Referer', 'Content-Encoding': 'gzip', 'Server': 'scaffolding on HTTPServer2', 'X-XSS-Protection': '0', 'X-Frame-Options': 'SAMEORIGIN', 'X-Content-Type-Options': 'nosniff', 'Alt-Svc': 'h3=":443"; ma=2592000,h3-29=":443"; ma=2592000,h3-Q050=":443"; ma=2592000,h3-Q046=":443"; ma=2592000,h3-Q043=":443"; ma=2592000,quic=":443"; ma=2592000; v="46,43"', 'Transfer-Encoding': 'chunked'} and content {
  "access_token": "ya29.a0ARrdaM_LN8Umx-J8uFpbgeoZD0j2-Cq_3yDqurc904ViXguO3mCLtLQlDahtc_CzfQvUnFKV8miQZlrcIdFO3lp5x8eBoJK2tlVRCu85o6Ko1TgFZXNyxgAjRrHxySMHs-lqw_U30XPO-xp7SEV_oIfubGcm",
  "expires_in": 3599,
  "refresh_token": "1//05CXtF-ELkK47CgYIARAAGAUSNwF-L9IrKQRcRdaZrOGQ6PI8skdIFU1GbV4aoWCyyIfU2QBh1P5eAzHTFyjr8bIMNUAKHDYyeDc",
  "scope": "https://www.googleapis.com/auth/youtube.force-ssl",
  "token_type": "Bearer"
}.
DEBUG:requests_oauthlib.oauth2_session:Invoking 0 token response hooks.
DEBUG:requests_oauthlib.oauth2_session:Obtained token {'access_token': 'ya29.a0ARrdaM_LN8Umx-J8uFpbgeoZD0j2-Cq_3yDqurc904ViXguO3mCLtLQlDahtc_CzfQvUnFKV8miQZlrcIdFO3lp5x8eBoJK2tlVRCu85o6Ko1TgFZXNyxgAjRrHxySMHs-lqw_U30XPO-xp7SEV_oIfubGcm', 'expires_in': 3599, 'refresh_token': '1//05CXtF-ELkK47CgYIARAAGAUSNwF-L9IrKQRcRdaZrOGQ6PI8skdIFU1GbV4aoWCyyIfU2QBh1P5eAzHTFyjr8bIMNUAKHDYyeDc', 'scope': ['https://www.googleapis.com/auth/youtube.force-ssl'], 'token_type': 'Bearer', 'expires_at': 1656970253.914484}.
INFO:googleapiclient.discovery_cache:file_cache is only supported with oauth2client<4.0.0
DEBUG:httpx._client:HTTP Request: POST https://accounts.spotify.com/api/token "HTTP/1.1 200 OK"
WARNING:root:2022-07-04T15:30:56.070705-05:001 seconds waited, no error, for request_client_token
DEBUG:asyncio:Using selector: KqueueSelector
DEBUG:requests_oauthlib.oauth2_session:Generated new state UL6l6sPaDQLjhRk6cIIMthE2nLA52t.
INFO:google_auth_oauthlib.flow:"GET /?state=UL6l6sPaDQLjhRk6cIIMthE2nLA52t&code=4/0AX4XfWg7mD66Wn-As9EA4dT1fP4zqwPbm7w35Hyy39tlZ0nWXwjqNsxwSUmfX8Ee1CLdqg&scope=https://www.googleapis.com/auth/youtube.force-ssl HTTP/1.1" 200 65
DEBUG:requests_oauthlib.oauth2_session:Encoding `client_id` "845416578463-b27gsmn3ohd9jht15d4nr11fgnsetldk.apps.googleusercontent.com" with `client_secret` as Basic auth credentials.
DEBUG:requests_oauthlib.oauth2_session:Requesting url https://oauth2.googleapis.com/token using method POST.
DEBUG:requests_oauthlib.oauth2_session:Supplying headers {'Accept': 'application/json', 'Content-Type': 'application/x-www-form-urlencoded;charset=UTF-8'} and data {'grant_type': 'authorization_code', 'code': '4/0AX4XfWg7mD66Wn-As9EA4dT1fP4zqwPbm7w35Hyy39tlZ0nWXwjqNsxwSUmfX8Ee1CLdqg', 'redirect_uri': 'http://localhost:8080/'}
DEBUG:requests_oauthlib.oauth2_session:Passing through key word arguments {'timeout': None, 'auth': <requests.auth.HTTPBasicAuth object at 0x1072236a0>, 'verify': True, 'proxies': None, 'cert': None}.
DEBUG:urllib3.connectionpool:Starting new HTTPS connection (1): oauth2.googleapis.com:443
DEBUG:urllib3.connectionpool:https://oauth2.googleapis.com:443 "POST /token HTTP/1.1" 200 None
DEBUG:requests_oauthlib.oauth2_session:Request to fetch token completed with status 200.
DEBUG:requests_oauthlib.oauth2_session:Request url was https://oauth2.googleapis.com/token
DEBUG:requests_oauthlib.oauth2_session:Request headers were {'User-Agent': 'python-requests/2.28.0', 'Accept-Encoding': 'gzip, deflate, br', 'Accept': 'application/json', 'Connection': 'keep-alive', 'Content-Type': 'application/x-www-form-urlencoded;charset=UTF-8', 'Content-Length': '156', 'Authorization': 'Basic ODQ1NDE2NTc4NDYzLWIyN2dzbW4zb2hkOWpodDE1ZDRucjExZmduc2V0bGRrLmFwcHMuZ29vZ2xldXNlcmNvbnRlbnQuY29tOkdPQ1NQWC1FQWdHbGtpQ2c2azRnRXdDbWJNODVrUXVHelMz'}
DEBUG:requests_oauthlib.oauth2_session:Request body was grant_type=authorization_code&code=4%2F0AX4XfWg7mD66Wn-As9EA4dT1fP4zqwPbm7w35Hyy39tlZ0nWXwjqNsxwSUmfX8Ee1CLdqg&redirect_uri=http%3A%2F%2Flocalhost%3A8080%2F
DEBUG:requests_oauthlib.oauth2_session:Response headers were {'Date': 'Mon, 04 Jul 2022 20:32:23 GMT', 'Cache-Control': 'no-cache, no-store, max-age=0, must-revalidate', 'Expires': 'Mon, 01 Jan 1990 00:00:00 GMT', 'Pragma': 'no-cache', 'Content-Type': 'application/json; charset=utf-8', 'Vary': 'Origin, X-Origin, Referer', 'Content-Encoding': 'gzip', 'Server': 'scaffolding on HTTPServer2', 'X-XSS-Protection': '0', 'X-Frame-Options': 'SAMEORIGIN', 'X-Content-Type-Options': 'nosniff', 'Alt-Svc': 'h3=":443"; ma=2592000,h3-29=":443"; ma=2592000,h3-Q050=":443"; ma=2592000,h3-Q046=":443"; ma=2592000,h3-Q043=":443"; ma=2592000,quic=":443"; ma=2592000; v="46,43"', 'Transfer-Encoding': 'chunked'} and content {
  "access_token": "ya29.A0ARrdaM9PX7G2xl4DJ6QUFPu5PckLHm3axKstW1iuxdc8_lNtgNpxWj6d2-U57Rz5WGWrfIce_ftq0XGl3USgYC3tlUeu-LGmFVlRgjK90k2THLYf4xrOSSvguH8Jf75KCUXqkY8rGyeaZLMT767_UmqsJI3KYUNnWUtBVEFTQVRBU0ZRRl91NjFWS3JxVDd2UHZ3S0xpQTRxZGM3M1Fmdw0163",
  "expires_in": 3599,
  "refresh_token": "1//0fCnQjcikG_66CgYIARAAGA8SNwF-L9IrPywClZGNWiJhyYmEB64Y68tfI0n33CZqSPTFuajR-Ze5-CV63V9joZCzH1yImmeDW5k",
  "scope": "https://www.googleapis.com/auth/youtube.force-ssl",
  "token_type": "Bearer"
}.
DEBUG:requests_oauthlib.oauth2_session:Invoking 0 token response hooks.
DEBUG:requests_oauthlib.oauth2_session:Obtained token {'access_token': 'ya29.A0ARrdaM9PX7G2xl4DJ6QUFPu5PckLHm3axKstW1iuxdc8_lNtgNpxWj6d2-U57Rz5WGWrfIce_ftq0XGl3USgYC3tlUeu-LGmFVlRgjK90k2THLYf4xrOSSvguH8Jf75KCUXqkY8rGyeaZLMT767_UmqsJI3KYUNnWUtBVEFTQVRBU0ZRRl91NjFWS3JxVDd2UHZ3S0xpQTRxZGM3M1Fmdw0163', 'expires_in': 3599, 'refresh_token': '1//0fCnQjcikG_66CgYIARAAGA8SNwF-L9IrPywClZGNWiJhyYmEB64Y68tfI0n33CZqSPTFuajR-Ze5-CV63V9joZCzH1yImmeDW5k', 'scope': ['https://www.googleapis.com/auth/youtube.force-ssl'], 'token_type': 'Bearer', 'expires_at': 1656970342.041875}.
INFO:googleapiclient.discovery_cache:file_cache is only supported with oauth2client<4.0.0
DEBUG:httpx._client:HTTP Request: POST https://accounts.spotify.com/api/token "HTTP/1.1 200 OK"
WARNING:root:2022-07-04T15:32:24.229731-05:001 seconds waited, no error, for request_client_token
DEBUG:asyncio:Using selector: KqueueSelector
DEBUG:requests_oauthlib.oauth2_session:Generated new state zKKMH9CRFzgp24BVm7nF6RkgfHDr7o.
INFO:google_auth_oauthlib.flow:"GET /?state=zKKMH9CRFzgp24BVm7nF6RkgfHDr7o&code=4/0AX4XfWgTmvHm9hOGcL5jcIyBVbfulIRnsQNq19_opJvDwzpHxz1q2OWzk6BdBSLOuO2UWg&scope=https://www.googleapis.com/auth/youtube.force-ssl HTTP/1.1" 200 65
DEBUG:requests_oauthlib.oauth2_session:Encoding `client_id` "845416578463-b27gsmn3ohd9jht15d4nr11fgnsetldk.apps.googleusercontent.com" with `client_secret` as Basic auth credentials.
DEBUG:requests_oauthlib.oauth2_session:Requesting url https://oauth2.googleapis.com/token using method POST.
DEBUG:requests_oauthlib.oauth2_session:Supplying headers {'Accept': 'application/json', 'Content-Type': 'application/x-www-form-urlencoded;charset=UTF-8'} and data {'grant_type': 'authorization_code', 'code': '4/0AX4XfWgTmvHm9hOGcL5jcIyBVbfulIRnsQNq19_opJvDwzpHxz1q2OWzk6BdBSLOuO2UWg', 'redirect_uri': 'http://localhost:8080/'}
DEBUG:requests_oauthlib.oauth2_session:Passing through key word arguments {'timeout': None, 'auth': <requests.auth.HTTPBasicAuth object at 0x106ec1100>, 'verify': True, 'proxies': None, 'cert': None}.
DEBUG:urllib3.connectionpool:Starting new HTTPS connection (1): oauth2.googleapis.com:443
DEBUG:urllib3.connectionpool:https://oauth2.googleapis.com:443 "POST /token HTTP/1.1" 200 None
DEBUG:requests_oauthlib.oauth2_session:Request to fetch token completed with status 200.
DEBUG:requests_oauthlib.oauth2_session:Request url was https://oauth2.googleapis.com/token
DEBUG:requests_oauthlib.oauth2_session:Request headers were {'User-Agent': 'python-requests/2.28.0', 'Accept-Encoding': 'gzip, deflate, br', 'Accept': 'application/json', 'Connection': 'keep-alive', 'Content-Type': 'application/x-www-form-urlencoded;charset=UTF-8', 'Content-Length': '156', 'Authorization': 'Basic ODQ1NDE2NTc4NDYzLWIyN2dzbW4zb2hkOWpodDE1ZDRucjExZmduc2V0bGRrLmFwcHMuZ29vZ2xldXNlcmNvbnRlbnQuY29tOkdPQ1NQWC1FQWdHbGtpQ2c2azRnRXdDbWJNODVrUXVHelMz'}
DEBUG:requests_oauthlib.oauth2_session:Request body was grant_type=authorization_code&code=4%2F0AX4XfWgTmvHm9hOGcL5jcIyBVbfulIRnsQNq19_opJvDwzpHxz1q2OWzk6BdBSLOuO2UWg&redirect_uri=http%3A%2F%2Flocalhost%3A8080%2F
DEBUG:requests_oauthlib.oauth2_session:Response headers were {'Pragma': 'no-cache', 'Cache-Control': 'no-cache, no-store, max-age=0, must-revalidate', 'Date': 'Mon, 04 Jul 2022 20:33:18 GMT', 'Expires': 'Mon, 01 Jan 1990 00:00:00 GMT', 'Content-Type': 'application/json; charset=utf-8', 'Vary': 'Origin, X-Origin, Referer', 'Content-Encoding': 'gzip', 'Server': 'scaffolding on HTTPServer2', 'X-XSS-Protection': '0', 'X-Frame-Options': 'SAMEORIGIN', 'X-Content-Type-Options': 'nosniff', 'Alt-Svc': 'h3=":443"; ma=2592000,h3-29=":443"; ma=2592000,h3-Q050=":443"; ma=2592000,h3-Q046=":443"; ma=2592000,h3-Q043=":443"; ma=2592000,quic=":443"; ma=2592000; v="46,43"', 'Transfer-Encoding': 'chunked'} and content {
  "access_token": "ya29.A0ARrdaM8OLq3Ki2Zd-YiEyzBrcBWXQBqiKfydZMjACDUVEI0brJsvE0ogHnxz18TGdZxQJ2PL_CcCFp3O_3zcXsWStgpMIOPJE5CxHX0Pehm9SF3yBH94o2JYJw1jMfKXb6uYkCpQ59X9q3tymeVV6_7hSLfKYUNnWUtBVEFTQVRBU0ZRRl91NjFWbVJickFkQXNvRUlRYUNtdGo0WXBodw0163",
  "expires_in": 3599,
  "refresh_token": "1//0fnx6GcEp7FRaCgYIARAAGA8SNwF-L9Irbu8r28DjDV6I0GlHZ0eV1GZ70xjYArsX7VYxIRAnhmm85vLWTjZ8sS874JlgEcHtEPI",
  "scope": "https://www.googleapis.com/auth/youtube.force-ssl",
  "token_type": "Bearer"
}.
DEBUG:requests_oauthlib.oauth2_session:Invoking 0 token response hooks.
DEBUG:requests_oauthlib.oauth2_session:Obtained token {'access_token': 'ya29.A0ARrdaM8OLq3Ki2Zd-YiEyzBrcBWXQBqiKfydZMjACDUVEI0brJsvE0ogHnxz18TGdZxQJ2PL_CcCFp3O_3zcXsWStgpMIOPJE5CxHX0Pehm9SF3yBH94o2JYJw1jMfKXb6uYkCpQ59X9q3tymeVV6_7hSLfKYUNnWUtBVEFTQVRBU0ZRRl91NjFWbVJickFkQXNvRUlRYUNtdGo0WXBodw0163', 'expires_in': 3599, 'refresh_token': '1//0fnx6GcEp7FRaCgYIARAAGA8SNwF-L9Irbu8r28DjDV6I0GlHZ0eV1GZ70xjYArsX7VYxIRAnhmm85vLWTjZ8sS874JlgEcHtEPI', 'scope': ['https://www.googleapis.com/auth/youtube.force-ssl'], 'token_type': 'Bearer', 'expires_at': 1656970397.245127}.
INFO:googleapiclient.discovery_cache:file_cache is only supported with oauth2client<4.0.0
DEBUG:httpx._client:HTTP Request: POST https://accounts.spotify.com/api/token "HTTP/1.1 200 OK"
WARNING:root:2022-07-04T15:33:19.422261-05:001 seconds waited, no error, for request_client_token
